<?xml version="1.0" encoding="UTF-8"?>
<!-- Generated by org.testng.reporters.JUnitXMLReporter -->
<testsuite hostname="QINDW112" ignored="0" name="Default test" tests="8" failures="0" timestamp="12 Oct 2017 09:54:08 GMT" time="101.01" errors="0">
  <testcase name="verifyPMPPageLoaded" time="12.141" classname="com.microservices.tests.PMPAdminTests"/>
  <testcase name="verifyLogin" time="5.981" classname="com.microservices.tests.PMPAdminTests"/>
  <testcase name="verifyLogout" time="5.268" classname="com.microservices.tests.PMPAdminTests"/>
  <testcase name="verifyAdminCreation" time="21.224" classname="com.microservices.tests.PMPAdminTests"/>
  <testcase name="verifyPartnerCreation" time="26.42" classname="com.microservices.tests.PMPAdminTests"/>
  <testcase name="verifyPartnerUserCreation" time="4.169" classname="com.microservices.tests.PMPAdminTests"/>
  <testcase name="verifyDeletePartnerUser" time="8.637" classname="com.microservices.tests.PMPAdminTests"/>
  <testcase name="verifyPartnerDeletion" time="9.479" classname="com.microservices.tests.PMPAdminTests"/>
</testsuite> <!-- Default test -->
