<?xml version="1.0" encoding="UTF-8"?>
<!-- Generated by org.testng.reporters.JUnitXMLReporter -->
<testsuite hostname="QINDW112" name="Test" tests="7" failures="0" timestamp="1 Sep 2017 06:04:43 GMT" time="48.221" errors="0">
  <testcase name="@BeforeTest setUP" time="0.0" classname="com.microservices.tests.PMPTests">
    <failure type="org.openqa.selenium.WebDriverException" message="Failed to connect to binary FirefoxBinary(C:\Program Files\Mozilla Firefox\firefox.exe) on port 7055; process output follows: 
\Program Files\Mozilla Firefox\browser\features\firefox@getpocket.com.xpi
1504245839169	addons.xpi	DEBUG	Calling bootstrap method startup on firefox@getpocket.com version 1.0.4
1504245839169	addons.xpi	DEBUG	Registering manifest for C:\Program Files\Mozilla Firefox\browser\features\webcompat@mozilla.org.xpi
1504245839170	addons.xpi	DEBUG	Calling bootstrap method startup on webcompat@mozilla.org version 1.0
1504245839172	addons.manager	DEBUG	Registering shutdown blocker for XPIProvider
1504245839172	addons.manager	DEBUG	Provider finished startup: XPIProvider
1504245839172	addons.manager	DEBUG	Starting provider: LightweightThemeManager
1504245839172	addons.manager	DEBUG	Registering shutdown blocker for LightweightThemeManager
1504245839173	addons.manager	DEBUG	Provider finished startup: LightweightThemeManager
1504245839173	addons.manager	DEBUG	Starting provider: GMPProvider
1504245839180	addons.manager	DEBUG	Registering shutdown blocker for GMPProvider
1504245839180	addons.manager	DEBUG	Provider finished startup: GMPProvider
1504245839181	addons.manager	DEBUG	Starting provider: PluginProvider
1504245839181	addons.manager	DEBUG	Registering shutdown blocker for PluginProvider
1504245839181	addons.manager	DEBUG	Provider finished startup: PluginProvider
1504245839181	addons.manager	DEBUG	Completed startup sequence
[GFX1]: Potential driver version mismatch ignored due to missing DLLs 0.0.0.0 and 0.0.0.0
1504245840863	addons.manager	DEBUG	Starting provider: &amp;lt;unnamed-provider&amp;gt;
1504245840863	addons.manager	DEBUG	Registering shutdown blocker for &amp;lt;unnamed-provider&amp;gt;
1504245840864	addons.manager	DEBUG	Provider finished startup: &amp;lt;unnamed-provider&amp;gt;
1504245841097	DeferredSave.extensions.json	DEBUG	Write succeeded
1504245841097	addons.xpi-utils	DEBUG	XPI Database saved, setting schema version preference to 17
1504245841097	DeferredSave.extensions.json	DEBUG	Starting timer
1504245841120	DeferredSave.extensions.json	DEBUG	Starting write
1504245841130	addons.repository	DEBUG	No addons.json found.
1504245841132	DeferredSave.addons.json	DEBUG	Save changes
1504245841145	DeferredSave.addons.json	DEBUG	Starting timer
1504245841181	addons.manager	DEBUG	Starting provider: PreviousExperimentProvider
1504245841181	addons.manager	DEBUG	Registering shutdown blocker for PreviousExperimentProvider
1504245841181	addons.manager	DEBUG	Provider finished startup: PreviousExperimentProvider
1504245841198	DeferredSave.addons.json	DEBUG	Starting write
1504245841208	DeferredSave.extensions.json	DEBUG	Write succeeded
1504245841239	DeferredSave.addons.json	DEBUG	Write succeeded
Crash Annotation GraphicsCriticalError: |[C0][GFX1]: Potential driver version mismatch ignored due to missing DLLs 0.0.0.0 and 0.0.0.0 (t=0.664331) [GFX1]: Potential driver version mismatch ignored due to missing DLLs 0.0.0.0 and 0.0.0.0
1504245859697	addons.xpi	DEBUG	Calling bootstrap method shutdown on e10srollout@mozilla.org version 1.2
1504245859698	addons.xpi	DEBUG	Calling bootstrap method shutdown on firefox@getpocket.com version 1.0.4
1504245859698	addons.xpi	DEBUG	Calling bootstrap method shutdown on webcompat@mozilla.org version 1.0
[Child 20772] WARNING: pipe error: 109: file c:/builds/moz2_slave/m-rel-w64-00000000000000000000/build/src/ipc/chromium/src/chrome/common/ipc_channel_win.cc, line 346
1504245859976	addons.manager	DEBUG	shutdown
1504245859976	addons.manager	DEBUG	Calling shutdown blocker for XPIProvider
1504245859976	addons.xpi	DEBUG	shutdown
1504245859976	addons.xpi-utils	DEBUG	shutdown
1504245859977	addons.manager	DEBUG	Calling shutdown blocker for LightweightThemeManager
1504245859977	addons.manager	DEBUG	Calling shutdown blocker for GMPProvider
1504245859979	addons.manager	DEBUG	Calling shutdown blocker for PluginProvider
1504245859980	addons.manager	DEBUG	Calling shutdown blocker for &amp;lt;unnamed-provider&amp;gt;
1504245859981	addons.manager	DEBUG	Calling shutdown blocker for PreviousExperimentProvider
1504245859984	addons.xpi	DEBUG	Notifying XPI shutdown observers
1504245859988	addons.manager	DEBUG	Async provider shutdown done

Build info: version: &amp;apos;2.53.0&amp;apos;, revision: &amp;apos;35ae25b&amp;apos;, time: &amp;apos;2016-03-15 17:00:58&amp;apos;
System info: host: &amp;apos;QINDW112&amp;apos;, ip: &amp;apos;10.11.115.188&amp;apos;, os.name: &amp;apos;Windows 10&amp;apos;, os.arch: &amp;apos;amd64&amp;apos;, os.version: &amp;apos;10.0&amp;apos;, java.version: &amp;apos;1.8.0_144&amp;apos;
Driver info: driver.version: FirefoxDriver">
      <![CDATA[org.openqa.selenium.WebDriverException: Failed to connect to binary FirefoxBinary(C:\Program Files\Mozilla Firefox\firefox.exe) on port 7055; process output follows: 
\Program Files\Mozilla Firefox\browser\features\firefox@getpocket.com.xpi
1504245839169	addons.xpi	DEBUG	Calling bootstrap method startup on firefox@getpocket.com version 1.0.4
1504245839169	addons.xpi	DEBUG	Registering manifest for C:\Program Files\Mozilla Firefox\browser\features\webcompat@mozilla.org.xpi
1504245839170	addons.xpi	DEBUG	Calling bootstrap method startup on webcompat@mozilla.org version 1.0
1504245839172	addons.manager	DEBUG	Registering shutdown blocker for XPIProvider
1504245839172	addons.manager	DEBUG	Provider finished startup: XPIProvider
1504245839172	addons.manager	DEBUG	Starting provider: LightweightThemeManager
1504245839172	addons.manager	DEBUG	Registering shutdown blocker for LightweightThemeManager
1504245839173	addons.manager	DEBUG	Provider finished startup: LightweightThemeManager
1504245839173	addons.manager	DEBUG	Starting provider: GMPProvider
1504245839180	addons.manager	DEBUG	Registering shutdown blocker for GMPProvider
1504245839180	addons.manager	DEBUG	Provider finished startup: GMPProvider
1504245839181	addons.manager	DEBUG	Starting provider: PluginProvider
1504245839181	addons.manager	DEBUG	Registering shutdown blocker for PluginProvider
1504245839181	addons.manager	DEBUG	Provider finished startup: PluginProvider
1504245839181	addons.manager	DEBUG	Completed startup sequence
[GFX1]: Potential driver version mismatch ignored due to missing DLLs 0.0.0.0 and 0.0.0.0
1504245840863	addons.manager	DEBUG	Starting provider: <unnamed-provider>
1504245840863	addons.manager	DEBUG	Registering shutdown blocker for <unnamed-provider>
1504245840864	addons.manager	DEBUG	Provider finished startup: <unnamed-provider>
1504245841097	DeferredSave.extensions.json	DEBUG	Write succeeded
1504245841097	addons.xpi-utils	DEBUG	XPI Database saved, setting schema version preference to 17
1504245841097	DeferredSave.extensions.json	DEBUG	Starting timer
1504245841120	DeferredSave.extensions.json	DEBUG	Starting write
1504245841130	addons.repository	DEBUG	No addons.json found.
1504245841132	DeferredSave.addons.json	DEBUG	Save changes
1504245841145	DeferredSave.addons.json	DEBUG	Starting timer
1504245841181	addons.manager	DEBUG	Starting provider: PreviousExperimentProvider
1504245841181	addons.manager	DEBUG	Registering shutdown blocker for PreviousExperimentProvider
1504245841181	addons.manager	DEBUG	Provider finished startup: PreviousExperimentProvider
1504245841198	DeferredSave.addons.json	DEBUG	Starting write
1504245841208	DeferredSave.extensions.json	DEBUG	Write succeeded
1504245841239	DeferredSave.addons.json	DEBUG	Write succeeded
Crash Annotation GraphicsCriticalError: |[C0][GFX1]: Potential driver version mismatch ignored due to missing DLLs 0.0.0.0 and 0.0.0.0 (t=0.664331) [GFX1]: Potential driver version mismatch ignored due to missing DLLs 0.0.0.0 and 0.0.0.0
1504245859697	addons.xpi	DEBUG	Calling bootstrap method shutdown on e10srollout@mozilla.org version 1.2
1504245859698	addons.xpi	DEBUG	Calling bootstrap method shutdown on firefox@getpocket.com version 1.0.4
1504245859698	addons.xpi	DEBUG	Calling bootstrap method shutdown on webcompat@mozilla.org version 1.0
[Child 20772] WARNING: pipe error: 109: file c:/builds/moz2_slave/m-rel-w64-00000000000000000000/build/src/ipc/chromium/src/chrome/common/ipc_channel_win.cc, line 346
1504245859976	addons.manager	DEBUG	shutdown
1504245859976	addons.manager	DEBUG	Calling shutdown blocker for XPIProvider
1504245859976	addons.xpi	DEBUG	shutdown
1504245859976	addons.xpi-utils	DEBUG	shutdown
1504245859977	addons.manager	DEBUG	Calling shutdown blocker for LightweightThemeManager
1504245859977	addons.manager	DEBUG	Calling shutdown blocker for GMPProvider
1504245859979	addons.manager	DEBUG	Calling shutdown blocker for PluginProvider
1504245859980	addons.manager	DEBUG	Calling shutdown blocker for <unnamed-provider>
1504245859981	addons.manager	DEBUG	Calling shutdown blocker for PreviousExperimentProvider
1504245859984	addons.xpi	DEBUG	Notifying XPI shutdown observers
1504245859988	addons.manager	DEBUG	Async provider shutdown done

Build info: version: '2.53.0', revision: '35ae25b', time: '2016-03-15 17:00:58'
System info: host: 'QINDW112', ip: '10.11.115.188', os.name: 'Windows 10', os.arch: 'amd64', os.version: '10.0', java.version: '1.8.0_144'
Driver info: driver.version: FirefoxDriver
	at org.openqa.selenium.firefox.internal.NewProfileExtensionConnection.start(NewProfileExtensionConnection.java:124)
	at org.openqa.selenium.firefox.FirefoxDriver.startClient(FirefoxDriver.java:271)
	at org.openqa.selenium.remote.RemoteWebDriver.<init>(RemoteWebDriver.java:119)
	at org.openqa.selenium.firefox.FirefoxDriver.<init>(FirefoxDriver.java:218)
	at org.openqa.selenium.firefox.FirefoxDriver.<init>(FirefoxDriver.java:211)
	at org.openqa.selenium.firefox.FirefoxDriver.<init>(FirefoxDriver.java:207)
	at org.openqa.selenium.firefox.FirefoxDriver.<init>(FirefoxDriver.java:120)
	at com.microservices.tests.PMPTests.setUP(PMPTests.java:42)
Caused by: org.openqa.selenium.firefox.NotConnectedException: Unable to connect to host 127.0.0.1 on port 7055 after 45000 ms. Firefox console output:
\Program Files\Mozilla Firefox\browser\features\firefox@getpocket.com.xpi
1504245839169	addons.xpi	DEBUG	Calling bootstrap method startup on firefox@getpocket.com version 1.0.4
1504245839169	addons.xpi	DEBUG	Registering manifest for C:\Program Files\Mozilla Firefox\browser\features\webcompat@mozilla.org.xpi
1504245839170	addons.xpi	DEBUG	Calling bootstrap method startup on webcompat@mozilla.org version 1.0
1504245839172	addons.manager	DEBUG	Registering shutdown blocker for XPIProvider
1504245839172	addons.manager	DEBUG	Provider finished startup: XPIProvider
1504245839172	addons.manager	DEBUG	Starting provider: LightweightThemeManager
1504245839172	addons.manager	DEBUG	Registering shutdown blocker for LightweightThemeManager
1504245839173	addons.manager	DEBUG	Provider finished startup: LightweightThemeManager
1504245839173	addons.manager	DEBUG	Starting provider: GMPProvider
1504245839180	addons.manager	DEBUG	Registering shutdown blocker for GMPProvider
1504245839180	addons.manager	DEBUG	Provider finished startup: GMPProvider
1504245839181	addons.manager	DEBUG	Starting provider: PluginProvider
1504245839181	addons.manager	DEBUG	Registering shutdown blocker for PluginProvider
1504245839181	addons.manager	DEBUG	Provider finished startup: PluginProvider
1504245839181	addons.manager	DEBUG	Completed startup sequence
[GFX1]: Potential driver version mismatch ignored due to missing DLLs 0.0.0.0 and 0.0.0.0
1504245840863	addons.manager	DEBUG	Starting provider: <unnamed-provider>
1504245840863	addons.manager	DEBUG	Registering shutdown blocker for <unnamed-provider>
1504245840864	addons.manager	DEBUG	Provider finished startup: <unnamed-provider>
1504245841097	DeferredSave.extensions.json	DEBUG	Write succeeded
1504245841097	addons.xpi-utils	DEBUG	XPI Database saved, setting schema version preference to 17
1504245841097	DeferredSave.extensions.json	DEBUG	Starting timer
1504245841120	DeferredSave.extensions.json	DEBUG	Starting write
1504245841130	addons.repository	DEBUG	No addons.json found.
1504245841132	DeferredSave.addons.json	DEBUG	Save changes
1504245841145	DeferredSave.addons.json	DEBUG	Starting timer
1504245841181	addons.manager	DEBUG	Starting provider: PreviousExperimentProvider
1504245841181	addons.manager	DEBUG	Registering shutdown blocker for PreviousExperimentProvider
1504245841181	addons.manager	DEBUG	Provider finished startup: PreviousExperimentProvider
1504245841198	DeferredSave.addons.json	DEBUG	Starting write
1504245841208	DeferredSave.extensions.json	DEBUG	Write succeeded
1504245841239	DeferredSave.addons.json	DEBUG	Write succeeded
Crash Annotation GraphicsCriticalError: |[C0][GFX1]: Potential driver version mismatch ignored due to missing DLLs 0.0.0.0 and 0.0.0.0 (t=0.664331) [GFX1]: Potential driver version mismatch ignored due to missing DLLs 0.0.0.0 and 0.0.0.0
1504245859697	addons.xpi	DEBUG	Calling bootstrap method shutdown on e10srollout@mozilla.org version 1.2
1504245859698	addons.xpi	DEBUG	Calling bootstrap method shutdown on firefox@getpocket.com version 1.0.4
1504245859698	addons.xpi	DEBUG	Calling bootstrap method shutdown on webcompat@mozilla.org version 1.0
[Child 20772] WARNING: pipe error: 109: file c:/builds/moz2_slave/m-rel-w64-00000000000000000000/build/src/ipc/chromium/src/chrome/common/ipc_channel_win.cc, line 346
1504245859976	addons.manager	DEBUG	shutdown
1504245859976	addons.manager	DEBUG	Calling shutdown blocker for XPIProvider
1504245859976	addons.xpi	DEBUG	shutdown
1504245859976	addons.xpi-utils	DEBUG	shutdown
1504245859977	addons.manager	DEBUG	Calling shutdown blocker for LightweightThemeManager
1504245859977	addons.manager	DEBUG	Calling shutdown blocker for GMPProvider
1504245859979	addons.manager	DEBUG	Calling shutdown blocker for PluginProvider
1504245859980	addons.manager	DEBUG	Calling shutdown blocker for <unnamed-provider>
1504245859981	addons.manager	DEBUG	Calling shutdown blocker for PreviousExperimentProvider
1504245859984	addons.xpi	DEBUG	Notifying XPI shutdown observers
1504245859988	addons.manager	DEBUG	Async provider shutdown done

	at org.openqa.selenium.firefox.internal.NewProfileExtensionConnection.start(NewProfileExtensionConnection.java:112)
	... 28 more
... Removed 21 stack frames]]>
    </failure>
  </testcase> <!-- @BeforeTest setUP -->
  <testcase name="@AfterTest afterTest" time="0.0" classname="com.microservices.tests.PMPTests">
    <skipped/>
  </testcase> <!-- @AfterTest afterTest -->
  <testcase name="verifyDeletePartnerUser" time="0.0" classname="com.microservices.tests.PMPTests">
    <skipped/>
  </testcase> <!-- verifyDeletePartnerUser -->
  <testcase name="verifyPMPPageLoaded" time="0.0" classname="com.microservices.tests.PMPTests">
    <skipped/>
  </testcase> <!-- verifyPMPPageLoaded -->
  <testcase name="verifyLogin" time="0.0" classname="com.microservices.tests.PMPTests">
    <skipped/>
  </testcase> <!-- verifyLogin -->
  <testcase name="verifyAdminCreation" time="0.0" classname="com.microservices.tests.PMPTests">
    <skipped/>
  </testcase> <!-- verifyAdminCreation -->
  <testcase name="verifyPartnerCreation" time="0.0" classname="com.microservices.tests.PMPTests">
    <skipped/>
  </testcase> <!-- verifyPartnerCreation -->
  <testcase name="verifyPartnerUserCreation" time="0.0" classname="com.microservices.tests.PMPTests">
    <skipped/>
  </testcase> <!-- verifyPartnerUserCreation -->
  <testcase name="verifyLogout" time="0.0" classname="com.microservices.tests.PMPTests">
    <skipped/>
  </testcase> <!-- verifyLogout -->
</testsuite> <!-- Test -->
