<?xml version="1.0" encoding="UTF-8"?>
<!-- Generated by org.testng.reporters.JUnitXMLReporter -->
<testsuite hostname="QINDW112" ignored="0" name="Test" tests="5" failures="0" timestamp="12 Oct 2017 10:33:07 GMT" time="64.564" errors="0">
  <testcase name="verifyPMPPageLoaded" time="12.955" classname="com.microservices.tests.PMPAdminTestsDevelopment"/>
  <testcase name="verifyLogin" time="5.896" classname="com.microservices.tests.PMPAdminTestsDevelopment"/>
  <testcase name="verifyLogout" time="5.262" classname="com.microservices.tests.PMPAdminTestsDevelopment"/>
  <testcase name="verifyAdminCreation" time="21.255" classname="com.microservices.tests.PMPAdminTestsDevelopment"/>
  <testcase name="verifyAdminDeletion" time="13.037" classname="com.microservices.tests.PMPAdminTestsDevelopment"/>
</testsuite> <!-- Test -->
