<?xml version="1.0" encoding="UTF-8"?>
<!-- Generated by org.testng.reporters.JUnitXMLReporter -->
<testsuite hostname="QINDW112" ignored="0" name="Sanity tests on Firefox Browser (V 49.0)" tests="7" failures="0" timestamp="13 Oct 2017 05:48:15 GMT" time="85.806" errors="0">
  <testcase name="verifyPMPPageLoaded" time="6.352" classname="com.microservices.tests.PMPAdminTests"/>
  <testcase name="verifyLogin" time="6.223" classname="com.microservices.tests.PMPAdminTests"/>
  <testcase name="verifyLogout" time="5.239" classname="com.microservices.tests.PMPAdminTests"/>
  <testcase name="verifyAdminCreation" time="21.299" classname="com.microservices.tests.PMPAdminTests"/>
  <testcase name="verifyPartnerCreation" time="26.148" classname="com.microservices.tests.PMPAdminTests"/>
  <testcase name="verifyPartnerUserCreation" time="3.15" classname="com.microservices.tests.PMPAdminTests"/>
  <testcase name="verifyPartnerDeletion" time="11.418" classname="com.microservices.tests.PMPAdminTests"/>
</testsuite> <!-- Sanity tests on Firefox Browser (V 49.0) -->
