<?xml version="1.0" encoding="UTF-8"?>
<!-- Generated by org.testng.reporters.JUnitXMLReporter -->
<testsuite hostname="QINDW112" ignored="0" name="Sanity tests on Firefox Browser" tests="10" failures="0" timestamp="14 Sep 2017 07:00:34 GMT" time="100.129" errors="0">
  <testcase name="verifyPMPPageLoaded" time="9.653" classname="com.microservices.tests.PMPAdminTests"/>
  <testcase name="verifyLogin" time="5.758" classname="com.microservices.tests.PMPAdminTests"/>
  <testcase name="verifyLogout" time="2.282" classname="com.microservices.tests.PMPAdminTests"/>
  <testcase name="verifyAdminCreation" time="17.269" classname="com.microservices.tests.PMPAdminTests"/>
  <testcase name="verifyPartnerCreation" time="16.75" classname="com.microservices.tests.PMPAdminTests"/>
  <testcase name="verifyPartnerUserCreation" time="22.098" classname="com.microservices.tests.PMPAdminTests"/>
  <testcase name="verifyDeletePartnerUser" time="4.421" classname="com.microservices.tests.PMPAdminTests"/>
  <testcase name="verifySingleSignOnCreation" time="5.454" classname="com.microservices.tests.PMPAdminTests"/>
  <testcase name="verifyMerchantCreation" time="4.768" classname="com.microservices.tests.PMPAdminTests"/>
  <testcase name="verifyPartnerDeletion" time="4.233" classname="com.microservices.tests.PMPAdminTests"/>
</testsuite> <!-- Sanity tests on Firefox Browser -->
